84	./conf
2848	./public/assets/vs/editor
192	./public/assets/vs/base/worker
68	./public/assets/vs/base/browser/ui/codicons/codicon
68	./public/assets/vs/base/browser/ui/codicons
68	./public/assets/vs/base/browser/ui
68	./public/assets/vs/base/browser
260	./public/assets/vs/base
3144	./public/assets/vs
3172	./public/assets
5004	./public
2128	./db/sys.column_versions_purge_log
49152	./db/telemetry/default
49208	./db/telemetry
131072	./db/sys.telemetry_wal/2023-04
131128	./db/sys.telemetry_wal
81920	./db/telemetry_config/default
85088	./db/telemetry_config
36	./db/sensors_data~5/txn_seq
5090292	./db/sensors_data~5/2023-04-26
5090396	./db/sensors_data~5
5357964	./db
5363052	.
